<?xml version="1.0" encoding="UTF-8"?>
<!-- Generated by org.testng.reporters.JUnitXMLReporter -->
<testsuite ignored="1" hostname="DESKTOP-0SJIJR0" failures="0" tests="1" name="Test" time="6.279" errors="0" timestamp="10 May 2023 15:52:37 GMT">
  <testcase classname="com.sel.qa.testCases.LoginPageTest" name="loginPageTitleTest" time="1.459"/>
  <testcase classname="com.sel.qa.testCases.LoginPageTest" name="Bookmark" time="0.0">
    <ignored/>
  </testcase> <!-- Bookmark -->
</testsuite> <!-- Test -->
