<?xml version="1.0" encoding="UTF-8"?>
<testng-results ignored="1" total="5" passed="4" failed="0" skipped="0">
  <reporter-output>
  </reporter-output>
  <suite started-at="2023-05-10T13:08:48Z" name="Suite" finished-at="2023-05-10T13:08:48Z" duration-ms="0">
    <groups>
    </groups>
  </suite> <!-- Suite -->
  <suite started-at="2023-05-10T13:07:29Z" name="Suite (1)" finished-at="2023-05-10T13:08:18Z" duration-ms="48923">
    <groups>
    </groups>
    <test started-at="2023-05-10T13:07:29Z" name="Test" finished-at="2023-05-10T13:08:18Z" duration-ms="48923">
      <class name="com.sel.qa.testCases.OrderPageTest">
        <test-method is-config="true" signature="Beforesuite()[pri:0, instance:com.sel.qa.testCases.OrderPageTest@eadd4fb]" started-at="2023-05-10T18:37:29Z" name="Beforesuite" finished-at="2023-05-10T18:37:29Z" duration-ms="1" status="PASS">
          <reporter-output>
          </reporter-output>
        </test-method> <!-- Beforesuite -->
        <test-method is-config="true" signature="setUp1()[pri:0, instance:com.sel.qa.testCases.OrderPageTest@eadd4fb]" started-at="2023-05-10T18:37:29Z" name="setUp1" finished-at="2023-05-10T18:37:31Z" duration-ms="2073" status="PASS">
          <reporter-output>
          </reporter-output>
        </test-method> <!-- setUp1 -->
        <test-method signature="Amountvalidate()[pri:1, instance:com.sel.qa.testCases.OrderPageTest@eadd4fb]" started-at="2023-05-10T18:37:31Z" name="Amountvalidate" finished-at="2023-05-10T18:37:51Z" duration-ms="20045" status="PASS">
          <reporter-output>
          </reporter-output>
        </test-method> <!-- Amountvalidate -->
        <test-method is-config="true" signature="teardown()[pri:0, instance:com.sel.qa.testCases.OrderPageTest@eadd4fb]" started-at="2023-05-10T18:37:51Z" name="teardown" finished-at="2023-05-10T18:37:52Z" duration-ms="221" status="PASS">
          <reporter-output>
          </reporter-output>
        </test-method> <!-- teardown -->
        <test-method is-config="true" signature="setUp1()[pri:0, instance:com.sel.qa.testCases.OrderPageTest@eadd4fb]" started-at="2023-05-10T18:37:52Z" name="setUp1" finished-at="2023-05-10T18:37:54Z" duration-ms="2108" status="PASS">
          <reporter-output>
          </reporter-output>
        </test-method> <!-- setUp1 -->
        <test-method signature="dateandtimevalidate()[pri:2, instance:com.sel.qa.testCases.OrderPageTest@eadd4fb]" started-at="2023-05-10T18:37:54Z" name="dateandtimevalidate" finished-at="2023-05-10T18:38:18Z" depends-on-methods="com.sel.qa.testCases.OrderPageTest.Amountvalidate" duration-ms="24238" status="PASS">
          <reporter-output>
          </reporter-output>
        </test-method> <!-- dateandtimevalidate -->
        <test-method is-config="true" signature="teardown()[pri:0, instance:com.sel.qa.testCases.OrderPageTest@eadd4fb]" started-at="2023-05-10T18:38:18Z" name="teardown" finished-at="2023-05-10T18:38:18Z" duration-ms="231" status="PASS">
          <reporter-output>
          </reporter-output>
        </test-method> <!-- teardown -->
        <test-method is-config="true" signature="Aftersuite()[pri:0, instance:com.sel.qa.testCases.OrderPageTest@eadd4fb]" started-at="2023-05-10T18:38:18Z" name="Aftersuite" finished-at="2023-05-10T18:38:18Z" duration-ms="83" status="PASS">
          <reporter-output>
          </reporter-output>
        </test-method> <!-- Aftersuite -->
      </class> <!-- com.sel.qa.testCases.OrderPageTest -->
    </test> <!-- Test -->
  </suite> <!-- Suite (1) -->
  <suite started-at="2023-05-10T13:07:24Z" name="Suite (0)" finished-at="2023-05-10T13:07:29Z" duration-ms="5382">
    <groups>
    </groups>
    <test started-at="2023-05-10T13:07:24Z" name="Test" finished-at="2023-05-10T13:07:29Z" duration-ms="5382">
      <class name="com.sel.qa.testCases.LoginPageTest">
        <test-method is-config="true" signature="Beforesuite()[pri:0, instance:com.sel.qa.testCases.LoginPageTest@2a693f59]" started-at="2023-05-10T18:37:23Z" name="Beforesuite" finished-at="2023-05-10T18:37:24Z" duration-ms="257" status="PASS">
          <reporter-output>
          </reporter-output>
        </test-method> <!-- Beforesuite -->
        <test-method is-config="true" signature="setUp()[pri:0, instance:com.sel.qa.testCases.LoginPageTest@2a693f59]" started-at="2023-05-10T18:37:24Z" name="setUp" finished-at="2023-05-10T18:37:27Z" duration-ms="3856" status="PASS">
          <reporter-output>
          </reporter-output>
        </test-method> <!-- setUp -->
        <test-method signature="loginPageTitleTest()[pri:1, instance:com.sel.qa.testCases.LoginPageTest@2a693f59]" started-at="2023-05-10T18:37:27Z" name="loginPageTitleTest" finished-at="2023-05-10T18:37:29Z" duration-ms="1320" status="PASS">
          <reporter-output>
          </reporter-output>
        </test-method> <!-- loginPageTitleTest -->
        <test-method is-config="true" signature="teardown()[pri:0, instance:com.sel.qa.testCases.LoginPageTest@2a693f59]" started-at="2023-05-10T18:37:29Z" name="teardown" finished-at="2023-05-10T18:37:29Z" duration-ms="191" status="PASS">
          <reporter-output>
          </reporter-output>
        </test-method> <!-- teardown -->
        <test-method is-config="true" signature="Aftersuite()[pri:0, instance:com.sel.qa.testCases.LoginPageTest@2a693f59]" started-at="2023-05-10T18:37:29Z" name="Aftersuite" finished-at="2023-05-10T18:37:29Z" duration-ms="344" status="PASS">
          <reporter-output>
          </reporter-output>
        </test-method> <!-- Aftersuite -->
      </class> <!-- com.sel.qa.testCases.LoginPageTest -->
    </test> <!-- Test -->
  </suite> <!-- Suite (0) -->
  <suite started-at="2023-05-10T13:08:18Z" name="Suite (2)" finished-at="2023-05-10T13:08:48Z" duration-ms="29436">
    <groups>
    </groups>
    <test started-at="2023-05-10T13:08:18Z" name="Test" finished-at="2023-05-10T13:08:48Z" duration-ms="29436">
      <class name="com.sel.qa.testCases.CheckoutPageTest">
        <test-method is-config="true" signature="Beforesuite()[pri:0, instance:com.sel.qa.testCases.CheckoutPageTest@3cce5371]" started-at="2023-05-10T18:38:18Z" name="Beforesuite" finished-at="2023-05-10T18:38:18Z" duration-ms="0" status="PASS">
          <reporter-output>
          </reporter-output>
        </test-method> <!-- Beforesuite -->
        <test-method is-config="true" signature="setUp2()[pri:0, instance:com.sel.qa.testCases.CheckoutPageTest@3cce5371]" started-at="2023-05-10T18:38:18Z" name="setUp2" finished-at="2023-05-10T18:38:20Z" duration-ms="2016" status="PASS">
          <reporter-output>
          </reporter-output>
        </test-method> <!-- setUp2 -->
        <test-method signature="successfullyorder()[pri:1, instance:com.sel.qa.testCases.CheckoutPageTest@3cce5371]" started-at="2023-05-10T18:38:20Z" name="successfullyorder" finished-at="2023-05-10T18:38:48Z" duration-ms="27416" status="PASS">
          <reporter-output>
          </reporter-output>
        </test-method> <!-- successfullyorder -->
        <test-method is-config="true" signature="Aftersuite()[pri:0, instance:com.sel.qa.testCases.CheckoutPageTest@3cce5371]" started-at="2023-05-10T18:38:48Z" name="Aftersuite" finished-at="2023-05-10T18:38:48Z" duration-ms="72" status="PASS">
          <reporter-output>
          </reporter-output>
        </test-method> <!-- Aftersuite -->
      </class> <!-- com.sel.qa.testCases.CheckoutPageTest -->
    </test> <!-- Test -->
  </suite> <!-- Suite (2) -->
</testng-results>
